<?xml version="1.0" encoding="UTF-8"?>
<testng-results skipped="0" failed="0" ignored="0" total="1" passed="1">
  <reporter-output>
  </reporter-output>
  <suite name="Default suite" duration-ms="3464" started-at="2020-05-26T18:06:44Z" finished-at="2020-05-26T18:06:47Z">
    <groups>
    </groups>
    <test name="Default test" duration-ms="3464" started-at="2020-05-26T18:06:44Z" finished-at="2020-05-26T18:06:47Z">
      <class name="Test_PostApi">
        <test-method status="PASS" signature="performPostApi()[pri:0, instance:Test_PostApi@14acaea5]" name="performPostApi" duration-ms="3437" started-at="2020-05-26T18:06:44Z" finished-at="2020-05-26T18:06:47Z">
          <reporter-output>
          </reporter-output>
        </test-method> <!-- performPostApi -->
      </class> <!-- Test_PostApi -->
    </test> <!-- Default test -->
  </suite> <!-- Default suite -->
</testng-results>
